#
# A fatal error has been detected by the Java Runtime Environment:
#
#  EXCEPTION_ACCESS_VIOLATION (0xc0000005) at pc=0x00007ffa84638eb7, pid=41848, tid=30016
#
# JRE version: Java(TM) SE Runtime Environment (14.0.2+12) (build 14.0.2+12-46)
# Java VM: Java HotSpot(TM) 64-Bit Server VM (14.0.2+12-46, mixed mode, sharing, tiered, compressed oops, g1 gc, windows-amd64)
# Problematic frame:
# C  [jniRaylib.dll+0x78eb7]
#
# No core dump will be written. Minidumps are not enabled by default on client versions of Windows
#
# If you would like to submit a bug report, please visit:
#   https://bugreport.java.com/bugreport/crash.jsp
# The crash happened outside the Java Virtual Machine in native code.
# See problematic frame for where to report the bug.
#

---------------  S U M M A R Y ------------

Command Line: -Dfile.encoding=Cp1252 me.pale.main.Main

Host: Intel(R) Core(TM) i5-3210M CPU @ 2.50GHz, 4 cores, 15G,  Windows 10 , 64 bit Build 19041 (10.0.19041.1202)
Time: Wed Oct 27 19:09:59 2021 Eastern Daylight Time elapsed time: 2 seconds (0d 0h 0m 2s)

---------------  T H R E A D  ---------------

Current thread (0x0000020d779ae800):  JavaThread "main" [_thread_in_native, id=30016, stack(0x0000008511f00000,0x0000008512000000)]

Stack: [0x0000008511f00000,0x0000008512000000],  sp=0x0000008511fff2f8,  free space=1020k
Native frames: (J=compiled Java code, j=interpreted, Vv=VM code, C=native code)
C  [jniRaylib.dll+0x78eb7]

Java frames: (J=compiled Java code, j=interpreted, Vv=VM code)
j  com.raylib.Raylib.DrawRectangleV(Lcom/raylib/Raylib$Vector2;Lcom/raylib/Raylib$Vector2;Lcom/raylib/Raylib$Color;)V+0
j  me.pale.main.Main.mainMenu()V+321
j  me.pale.main.Main.main([Ljava/lang/String;)V+17
v  ~StubRoutines::call_stub

siginfo: EXCEPTION_ACCESS_VIOLATION (0xc0000005), writing address 0x0000020d212a2960


Register to memory mapping:

RIP=0x00007ffa84638eb7 jniRaylib.dll
RAX=0x0000020d212a2960 is an unknown value
RBX=0x00000000000000ff is an unknown value
RCX=0x00000000000000ff is an unknown value
RDX=0x00000000000000ff is an unknown value
RSP=0x0000008511fff2f8 is pointing into the stack for thread: 0x0000020d779ae800
RBP=0x0000008511fff4e8 is pointing into the stack for thread: 0x0000020d779ae800
RSI=0x0000020d1dbc4280 points into unknown readable memory: ff ff ff 00 61 63 65 00
RDI=0x0 is NULL
R8 =0x00000000000000ff is an unknown value
R9 =0x0 is NULL
R10=0x0 is NULL
R11=0x0000020d210df810 points into unknown readable memory: 00 20 00 00 00 00 00 00
R12=0x0 is NULL
R13=0x0000020d7fb792c8 is pointing into metadata
R14=0x0000020d2131d1f0 points into unknown readable memory: 00 00 20 44 00 00 f0 43
R15=0x0000020d2131d330 points into unknown readable memory: 00 00 00 00 00 00 00 00


Registers:
RAX=0x0000020d212a2960, RBX=0x00000000000000ff, RCX=0x00000000000000ff, RDX=0x00000000000000ff
RSP=0x0000008511fff2f8, RBP=0x0000008511fff4e8, RSI=0x0000020d1dbc4280, RDI=0x0000000000000000
R8 =0x00000000000000ff, R9 =0x0000000000000000, R10=0x0000000000000000, R11=0x0000020d210df810
R12=0x0000000000000000, R13=0x0000020d7fb792c8, R14=0x0000020d2131d1f0, R15=0x0000020d2131d330
RIP=0x00007ffa84638eb7, EFLAGS=0x0000000000010246

Top of Stack: (sp=0x0000008511fff2f8)
0x0000008511fff2f8:   00007ffa84643c3d 0000000000ffffff
0x0000008511fff308:   0000008511fff410 00000000859127e8
0x0000008511fff318:   000000080000000e 0000000000000000
0x0000008511fff328:   0000008511fff3a0 0000000000000000
0x0000008511fff338:   0000000000000000 0000000000000000
0x0000008511fff348:   0000000000000000 0000000000000000
0x0000008511fff358:   0000000000000000 0000000000000000
0x0000008511fff368:   0000000000000000 0000000000000000
0x0000008511fff378:   0000000000000000 0000000000000000
0x0000008511fff388:   0000000000000000 0000000000000000
0x0000008511fff398:   0000000000000000 0000873284634dbb
0x0000008511fff3a8:   00007ffa845c3440 0000000000000000
0x0000008511fff3b8:   0000000000000000 0000000000000000
0x0000008511fff3c8:   0000000000000000 0000008511fff508
0x0000008511fff3d8:   00007ffa846458bc 0000020d779aeb10
0x0000008511fff3e8:   0000020d086df947 0000020d77841000 

Instructions: (pc=0x00007ffa84638eb7)
0x00007ffa84638db7:   cc cc cc cc cc cc cc cc cc f3 0f 10 25 58 94 08
0x00007ffa84638dc7:   00 41 0f b6 c1 66 0f 6e d8 41 0f b6 c0 0f 5b db
0x00007ffa84638dd7:   66 0f 6e d0 0f b6 c2 0f 5b d2 66 0f 6e c8 0f b6
0x00007ffa84638de7:   c1 0f 5b c9 66 0f 6e c0 0f 5b c0 f3 0f 5e dc f3
0x00007ffa84638df7:   0f 5e c4 f3 0f 5e d4 f3 0f 5e cc 48 ff 25 f7 bc
0x00007ffa84638e07:   11 00 cc cc cc cc cc cc cc b9 00 41 00 00 48 ff
0x00007ffa84638e17:   25 ec bc 11 00 cc cc cc cc f3 0f 10 1d f8 93 08
0x00007ffa84638e27:   00 41 b1 ff f3 0f 59 d3 f3 0f 59 cb f3 0f 59 c3
0x00007ffa84638e37:   f3 44 0f 2c c2 f3 0f 2c d1 f3 0f 2c c8 e9 37 00
0x00007ffa84638e47:   00 00 cc cc cc cc cc cc cc f3 0f 10 25 c8 93 08
0x00007ffa84638e57:   00 f3 0f 59 dc f3 0f 59 d4 f3 0f 59 cc f3 0f 59
0x00007ffa84638e67:   c4 f3 44 0f 2c cb f3 44 0f 2c c2 f3 0f 2c d1 f3
0x00007ffa84638e77:   0f 2c c8 e9 01 00 00 00 cc 48 89 5c 24 08 48 89
0x00007ffa84638e87:   7c 24 10 4c 8b 1d 7f d8 10 00 0f b6 da 41 0f b6
0x00007ffa84638e97:   f9 49 63 43 04 4c 8d 14 c0 49 8b 43 08 4e 8d 1c
0x00007ffa84638ea7:   d0 42 8b 44 d0 0c c1 e0 02 4c 63 d0 49 8b 43 20
0x00007ffa84638eb7:   41 88 0c 02 4c 8b 0d 4e d8 10 00 49 63 41 04 48
0x00007ffa84638ec7:   8d 0c c0 49 8b 41 08 48 8d 14 c8 8b 44 c8 0c c1
0x00007ffa84638ed7:   e0 02 48 63 c8 48 8b 42 20 88 5c 01 01 48 8b 15
0x00007ffa84638ee7:   25 d8 10 00 48 8b 5c 24 08 48 63 42 04 48 8d 0c
0x00007ffa84638ef7:   c0 48 8b 42 08 48 8d 14 c8 8b 44 c8 0c c1 e0 02
0x00007ffa84638f07:   48 63 c8 48 8b 42 20 44 88 44 01 02 48 8b 15 f6
0x00007ffa84638f17:   d7 10 00 48 63 42 04 48 8d 0c c0 48 8b 42 08 48
0x00007ffa84638f27:   8d 14 c8 8b 44 c8 0c c1 e0 02 48 63 c8 48 8b 42
0x00007ffa84638f37:   20 40 88 7c 01 03 48 8b 15 cc d7 10 00 48 8b 7c
0x00007ffa84638f47:   24 10 48 63 42 04 48 8d 0c c0 48 8b 42 08 ff 44
0x00007ffa84638f57:   c8 0c c3 cc cc cc cc cc cc 48 89 5c 24 10 48 89
0x00007ffa84638f67:   4c 24 08 57 48 83 ec 30 8b ca 8b da ff 15 57 b8
0x00007ffa84638f77:   11 00 45 33 c9 4c 8d 44 24 40 8b c8 8b f8 41 8d
0x00007ffa84638f87:   51 01 ff 15 79 b7 11 00 8b cf c7 44 24 58 00 00
0x00007ffa84638f97:   00 00 ff 15 41 b8 11 00 4c 8d 44 24 58 ba 81 8b
0x00007ffa84638fa7:   00 00 8b cf ff 15 bf b7 11 00 83 7c 24 58 00 0f 


Stack slot to memory mapping:
stack at sp + 0 slots: 0x00007ffa84643c3d jniRaylib.dll
stack at sp + 1 slots: 0x0000000000ffffff is an unknown value
stack at sp + 2 slots: 0x0000008511fff410 is pointing into the stack for thread: 0x0000020d779ae800
stack at sp + 3 slots: 0x00000000859127e8 is an unknown value
stack at sp + 4 slots: 0x000000080000000e is pointing into metadata
stack at sp + 5 slots: 0x0 is NULL
stack at sp + 6 slots: 0x0000008511fff3a0 is pointing into the stack for thread: 0x0000020d779ae800
stack at sp + 7 slots: 0x0 is NULL


---------------  P R O C E S S  ---------------

Threads class SMR info:
_java_thread_list=0x0000020d1d8bf7d0, length=12, elements={
0x0000020d779ae800, 0x0000020d1d702000, 0x0000020d1d703800, 0x0000020d1d71b000,
0x0000020d1d71e800, 0x0000020d1d721000, 0x0000020d1d72f000, 0x0000020d1d750800,
0x0000020d1d760000, 0x0000020d1d891000, 0x0000020d1d89a800, 0x0000020d1d8c3000
}

Java Threads: ( => current thread )
=>0x0000020d779ae800 JavaThread "main" [_thread_in_native, id=30016, stack(0x0000008511f00000,0x0000008512000000)]
  0x0000020d1d702000 JavaThread "Reference Handler" daemon [_thread_blocked, id=14796, stack(0x0000008512600000,0x0000008512700000)]
  0x0000020d1d703800 JavaThread "Finalizer" daemon [_thread_blocked, id=37092, stack(0x0000008512700000,0x0000008512800000)]
  0x0000020d1d71b000 JavaThread "Signal Dispatcher" daemon [_thread_blocked, id=26352, stack(0x0000008512800000,0x0000008512900000)]
  0x0000020d1d71e800 JavaThread "Attach Listener" daemon [_thread_blocked, id=19916, stack(0x0000008512900000,0x0000008512a00000)]
  0x0000020d1d721000 JavaThread "Service Thread" daemon [_thread_blocked, id=28824, stack(0x0000008512a00000,0x0000008512b00000)]
  0x0000020d1d72f000 JavaThread "C2 CompilerThread0" daemon [_thread_blocked, id=37692, stack(0x0000008512b00000,0x0000008512c00000)]
  0x0000020d1d750800 JavaThread "C1 CompilerThread0" daemon [_thread_blocked, id=36644, stack(0x0000008512c00000,0x0000008512d00000)]
  0x0000020d1d760000 JavaThread "Sweeper thread" daemon [_thread_blocked, id=32916, stack(0x0000008512d00000,0x0000008512e00000)]
  0x0000020d1d891000 JavaThread "Notification Thread" daemon [_thread_blocked, id=13556, stack(0x0000008512e00000,0x0000008512f00000)]
  0x0000020d1d89a800 JavaThread "Common-Cleaner" daemon [_thread_blocked, id=8248, stack(0x0000008513000000,0x0000008513100000)]
  0x0000020d1d8c3000 JavaThread "JavaCPP Deallocator" daemon [_thread_blocked, id=13124, stack(0x0000008513100000,0x0000008513200000)]

Other Threads:
  0x0000020d7f73a000 VMThread "VM Thread" [stack: 0x0000008512500000,0x0000008512600000] [id=37360]
  0x0000020d1d899800 WatcherThread [stack: 0x0000008512f00000,0x0000008513000000] [id=40752]
  0x0000020d77a32000 GCTaskThread "GC Thread#0" [stack: 0x0000008512000000,0x0000008512100000] [id=39848]
  0x0000020d77a54000 ConcurrentGCThread "G1 Main Marker" [stack: 0x0000008512100000,0x0000008512200000] [id=38096]
  0x0000020d77a57800 ConcurrentGCThread "G1 Conc#0" [stack: 0x0000008512200000,0x0000008512300000] [id=32892]
  0x0000020d7f620000 ConcurrentGCThread "G1 Refine#0" [stack: 0x0000008512300000,0x0000008512400000] [id=41672]
  0x0000020d7f621000 ConcurrentGCThread "G1 Young RemSet Sampling" [stack: 0x0000008512400000,0x0000008512500000] [id=37232]

Threads with active compile tasks:

VM state:not at safepoint (normal execution)

VM Mutex/Monitor currently owned by a thread: None

Heap address: 0x0000000701600000, size: 4074 MB, Compressed Oops mode: Zero based, Oop shift amount: 3
Narrow klass base: 0x0000000800000000, Narrow klass shift: 3
Compressed class space size: 1073741824 Address: 0x0000000800b30000

Heap:
 garbage-first heap   total 262144K, used 5120K [0x0000000701600000, 0x0000000800000000)
  region size 1024K, 6 young (6144K), 0 survivors (0K)
 Metaspace       used 1943K, capacity 5274K, committed 5376K, reserved 1056768K
  class space    used 177K, capacity 481K, committed 512K, reserved 1048576K
Heap Regions: E=young(eden), S=young(survivor), O=old, HS=humongous(starts), HC=humongous(continues), CS=collection set, F=free, OA=open archive, CA=closed archive, TAMS=top-at-mark-start (previous, next)
|   0|0x0000000701600000, 0x0000000701600000, 0x0000000701700000|  0%| F|  |TAMS 0x0000000701600000, 0x0000000701600000| Untracked 
|   1|0x0000000701700000, 0x0000000701700000, 0x0000000701800000|  0%| F|  |TAMS 0x0000000701700000, 0x0000000701700000| Untracked 
|   2|0x0000000701800000, 0x0000000701800000, 0x0000000701900000|  0%| F|  |TAMS 0x0000000701800000, 0x0000000701800000| Untracked 
|   3|0x0000000701900000, 0x0000000701900000, 0x0000000701a00000|  0%| F|  |TAMS 0x0000000701900000, 0x0000000701900000| Untracked 
|   4|0x0000000701a00000, 0x0000000701a00000, 0x0000000701b00000|  0%| F|  |TAMS 0x0000000701a00000, 0x0000000701a00000| Untracked 
|   5|0x0000000701b00000, 0x0000000701b00000, 0x0000000701c00000|  0%| F|  |TAMS 0x0000000701b00000, 0x0000000701b00000| Untracked 
|   6|0x0000000701c00000, 0x0000000701c00000, 0x0000000701d00000|  0%| F|  |TAMS 0x0000000701c00000, 0x0000000701c00000| Untracked 
|   7|0x0000000701d00000, 0x0000000701d00000, 0x0000000701e00000|  0%| F|  |TAMS 0x0000000701d00000, 0x0000000701d00000| Untracked 
|   8|0x0000000701e00000, 0x0000000701e00000, 0x0000000701f00000|  0%| F|  |TAMS 0x0000000701e00000, 0x0000000701e00000| Untracked 
|   9|0x0000000701f00000, 0x0000000701f00000, 0x0000000702000000|  0%| F|  |TAMS 0x0000000701f00000, 0x0000000701f00000| Untracked 
|  10|0x0000000702000000, 0x0000000702000000, 0x0000000702100000|  0%| F|  |TAMS 0x0000000702000000, 0x0000000702000000| Untracked 
|  11|0x0000000702100000, 0x0000000702100000, 0x0000000702200000|  0%| F|  |TAMS 0x0000000702100000, 0x0000000702100000| Untracked 
|  12|0x0000000702200000, 0x0000000702200000, 0x0000000702300000|  0%| F|  |TAMS 0x0000000702200000, 0x0000000702200000| Untracked 
|  13|0x0000000702300000, 0x0000000702300000, 0x0000000702400000|  0%| F|  |TAMS 0x0000000702300000, 0x0000000702300000| Untracked 
|  14|0x0000000702400000, 0x0000000702400000, 0x0000000702500000|  0%| F|  |TAMS 0x0000000702400000, 0x0000000702400000| Untracked 
|  15|0x0000000702500000, 0x0000000702500000, 0x0000000702600000|  0%| F|  |TAMS 0x0000000702500000, 0x0000000702500000| Untracked 
|  16|0x0000000702600000, 0x0000000702600000, 0x0000000702700000|  0%| F|  |TAMS 0x0000000702600000, 0x0000000702600000| Untracked 
|  17|0x0000000702700000, 0x0000000702700000, 0x0000000702800000|  0%| F|  |TAMS 0x0000000702700000, 0x0000000702700000| Untracked 
|  18|0x0000000702800000, 0x0000000702800000, 0x0000000702900000|  0%| F|  |TAMS 0x0000000702800000, 0x0000000702800000| Untracked 
|  19|0x0000000702900000, 0x0000000702900000, 0x0000000702a00000|  0%| F|  |TAMS 0x0000000702900000, 0x0000000702900000| Untracked 
|  20|0x0000000702a00000, 0x0000000702a00000, 0x0000000702b00000|  0%| F|  |TAMS 0x0000000702a00000, 0x0000000702a00000| Untracked 
|  21|0x0000000702b00000, 0x0000000702b00000, 0x0000000702c00000|  0%| F|  |TAMS 0x0000000702b00000, 0x0000000702b00000| Untracked 
|  22|0x0000000702c00000, 0x0000000702c00000, 0x0000000702d00000|  0%| F|  |TAMS 0x0000000702c00000, 0x0000000702c00000| Untracked 
|  23|0x0000000702d00000, 0x0000000702d00000, 0x0000000702e00000|  0%| F|  |TAMS 0x0000000702d00000, 0x0000000702d00000| Untracked 
|  24|0x0000000702e00000, 0x0000000702e00000, 0x0000000702f00000|  0%| F|  |TAMS 0x0000000702e00000, 0x0000000702e00000| Untracked 
|  25|0x0000000702f00000, 0x0000000702f00000, 0x0000000703000000|  0%| F|  |TAMS 0x0000000702f00000, 0x0000000702f00000| Untracked 
|  26|0x0000000703000000, 0x0000000703000000, 0x0000000703100000|  0%| F|  |TAMS 0x0000000703000000, 0x0000000703000000| Untracked 
|  27|0x0000000703100000, 0x0000000703100000, 0x0000000703200000|  0%| F|  |TAMS 0x0000000703100000, 0x0000000703100000| Untracked 
|  28|0x0000000703200000, 0x0000000703200000, 0x0000000703300000|  0%| F|  |TAMS 0x0000000703200000, 0x0000000703200000| Untracked 
|  29|0x0000000703300000, 0x0000000703300000, 0x0000000703400000|  0%| F|  |TAMS 0x0000000703300000, 0x0000000703300000| Untracked 
|  30|0x0000000703400000, 0x0000000703400000, 0x0000000703500000|  0%| F|  |TAMS 0x0000000703400000, 0x0000000703400000| Untracked 
|  31|0x0000000703500000, 0x0000000703500000, 0x0000000703600000|  0%| F|  |TAMS 0x0000000703500000, 0x0000000703500000| Untracked 
|  32|0x0000000703600000, 0x0000000703600000, 0x0000000703700000|  0%| F|  |TAMS 0x0000000703600000, 0x0000000703600000| Untracked 
|  33|0x0000000703700000, 0x0000000703700000, 0x0000000703800000|  0%| F|  |TAMS 0x0000000703700000, 0x0000000703700000| Untracked 
|  34|0x0000000703800000, 0x0000000703800000, 0x0000000703900000|  0%| F|  |TAMS 0x0000000703800000, 0x0000000703800000| Untracked 
|  35|0x0000000703900000, 0x0000000703900000, 0x0000000703a00000|  0%| F|  |TAMS 0x0000000703900000, 0x0000000703900000| Untracked 
|  36|0x0000000703a00000, 0x0000000703a00000, 0x0000000703b00000|  0%| F|  |TAMS 0x0000000703a00000, 0x0000000703a00000| Untracked 
|  37|0x0000000703b00000, 0x0000000703b00000, 0x0000000703c00000|  0%| F|  |TAMS 0x0000000703b00000, 0x0000000703b00000| Untracked 
|  38|0x0000000703c00000, 0x0000000703c00000, 0x0000000703d00000|  0%| F|  |TAMS 0x0000000703c00000, 0x0000000703c00000| Untracked 
|  39|0x0000000703d00000, 0x0000000703d00000, 0x0000000703e00000|  0%| F|  |TAMS 0x0000000703d00000, 0x0000000703d00000| Untracked 
|  40|0x0000000703e00000, 0x0000000703e00000, 0x0000000703f00000|  0%| F|  |TAMS 0x0000000703e00000, 0x0000000703e00000| Untracked 
|  41|0x0000000703f00000, 0x0000000703f00000, 0x0000000704000000|  0%| F|  |TAMS 0x0000000703f00000, 0x0000000703f00000| Untracked 
|  42|0x0000000704000000, 0x0000000704000000, 0x0000000704100000|  0%| F|  |TAMS 0x0000000704000000, 0x0000000704000000| Untracked 
|  43|0x0000000704100000, 0x0000000704100000, 0x0000000704200000|  0%| F|  |TAMS 0x0000000704100000, 0x0000000704100000| Untracked 
|  44|0x0000000704200000, 0x0000000704200000, 0x0000000704300000|  0%| F|  |TAMS 0x0000000704200000, 0x0000000704200000| Untracked 
|  45|0x0000000704300000, 0x0000000704300000, 0x0000000704400000|  0%| F|  |TAMS 0x0000000704300000, 0x0000000704300000| Untracked 
|  46|0x0000000704400000, 0x0000000704400000, 0x0000000704500000|  0%| F|  |TAMS 0x0000000704400000, 0x0000000704400000| Untracked 
|  47|0x0000000704500000, 0x0000000704500000, 0x0000000704600000|  0%| F|  |TAMS 0x0000000704500000, 0x0000000704500000| Untracked 
|  48|0x0000000704600000, 0x0000000704600000, 0x0000000704700000|  0%| F|  |TAMS 0x0000000704600000, 0x0000000704600000| Untracked 
|  49|0x0000000704700000, 0x0000000704700000, 0x0000000704800000|  0%| F|  |TAMS 0x0000000704700000, 0x0000000704700000| Untracked 
|  50|0x0000000704800000, 0x0000000704800000, 0x0000000704900000|  0%| F|  |TAMS 0x0000000704800000, 0x0000000704800000| Untracked 
|  51|0x0000000704900000, 0x0000000704900000, 0x0000000704a00000|  0%| F|  |TAMS 0x0000000704900000, 0x0000000704900000| Untracked 
|  52|0x0000000704a00000, 0x0000000704a00000, 0x0000000704b00000|  0%| F|  |TAMS 0x0000000704a00000, 0x0000000704a00000| Untracked 
|  53|0x0000000704b00000, 0x0000000704b00000, 0x0000000704c00000|  0%| F|  |TAMS 0x0000000704b00000, 0x0000000704b00000| Untracked 
|  54|0x0000000704c00000, 0x0000000704c00000, 0x0000000704d00000|  0%| F|  |TAMS 0x0000000704c00000, 0x0000000704c00000| Untracked 
|  55|0x0000000704d00000, 0x0000000704d00000, 0x0000000704e00000|  0%| F|  |TAMS 0x0000000704d00000, 0x0000000704d00000| Untracked 
|  56|0x0000000704e00000, 0x0000000704e00000, 0x0000000704f00000|  0%| F|  |TAMS 0x0000000704e00000, 0x0000000704e00000| Untracked 
|  57|0x0000000704f00000, 0x0000000704f00000, 0x0000000705000000|  0%| F|  |TAMS 0x0000000704f00000, 0x0000000704f00000| Untracked 
|  58|0x0000000705000000, 0x0000000705000000, 0x0000000705100000|  0%| F|  |TAMS 0x0000000705000000, 0x0000000705000000| Untracked 
|  59|0x0000000705100000, 0x0000000705100000, 0x0000000705200000|  0%| F|  |TAMS 0x0000000705100000, 0x0000000705100000| Untracked 
|  60|0x0000000705200000, 0x0000000705200000, 0x0000000705300000|  0%| F|  |TAMS 0x0000000705200000, 0x0000000705200000| Untracked 
|  61|0x0000000705300000, 0x0000000705300000, 0x0000000705400000|  0%| F|  |TAMS 0x0000000705300000, 0x0000000705300000| Untracked 
|  62|0x0000000705400000, 0x0000000705400000, 0x0000000705500000|  0%| F|  |TAMS 0x0000000705400000, 0x0000000705400000| Untracked 
|  63|0x0000000705500000, 0x0000000705500000, 0x0000000705600000|  0%| F|  |TAMS 0x0000000705500000, 0x0000000705500000| Untracked 
|  64|0x0000000705600000, 0x0000000705600000, 0x0000000705700000|  0%| F|  |TAMS 0x0000000705600000, 0x0000000705600000| Untracked 
|  65|0x0000000705700000, 0x0000000705700000, 0x0000000705800000|  0%| F|  |TAMS 0x0000000705700000, 0x0000000705700000| Untracked 
|  66|0x0000000705800000, 0x0000000705800000, 0x0000000705900000|  0%| F|  |TAMS 0x0000000705800000, 0x0000000705800000| Untracked 
|  67|0x0000000705900000, 0x0000000705900000, 0x0000000705a00000|  0%| F|  |TAMS 0x0000000705900000, 0x0000000705900000| Untracked 
|  68|0x0000000705a00000, 0x0000000705a00000, 0x0000000705b00000|  0%| F|  |TAMS 0x0000000705a00000, 0x0000000705a00000| Untracked 
|  69|0x0000000705b00000, 0x0000000705b00000, 0x0000000705c00000|  0%| F|  |TAMS 0x0000000705b00000, 0x0000000705b00000| Untracked 
|  70|0x0000000705c00000, 0x0000000705c00000, 0x0000000705d00000|  0%| F|  |TAMS 0x0000000705c00000, 0x0000000705c00000| Untracked 
|  71|0x0000000705d00000, 0x0000000705d00000, 0x0000000705e00000|  0%| F|  |TAMS 0x0000000705d00000, 0x0000000705d00000| Untracked 
|  72|0x0000000705e00000, 0x0000000705e00000, 0x0000000705f00000|  0%| F|  |TAMS 0x0000000705e00000, 0x0000000705e00000| Untracked 
|  73|0x0000000705f00000, 0x0000000705f00000, 0x0000000706000000|  0%| F|  |TAMS 0x0000000705f00000, 0x0000000705f00000| Untracked 
|  74|0x0000000706000000, 0x0000000706000000, 0x0000000706100000|  0%| F|  |TAMS 0x0000000706000000, 0x0000000706000000| Untracked 
|  75|0x0000000706100000, 0x0000000706100000, 0x0000000706200000|  0%| F|  |TAMS 0x0000000706100000, 0x0000000706100000| Untracked 
|  76|0x0000000706200000, 0x0000000706200000, 0x0000000706300000|  0%| F|  |TAMS 0x0000000706200000, 0x0000000706200000| Untracked 
|  77|0x0000000706300000, 0x0000000706300000, 0x0000000706400000|  0%| F|  |TAMS 0x0000000706300000, 0x0000000706300000| Untracked 
|  78|0x0000000706400000, 0x0000000706400000, 0x0000000706500000|  0%| F|  |TAMS 0x0000000706400000, 0x0000000706400000| Untracked 
|  79|0x0000000706500000, 0x0000000706500000, 0x0000000706600000|  0%| F|  |TAMS 0x0000000706500000, 0x0000000706500000| Untracked 
|  80|0x0000000706600000, 0x0000000706600000, 0x0000000706700000|  0%| F|  |TAMS 0x0000000706600000, 0x0000000706600000| Untracked 
|  81|0x0000000706700000, 0x0000000706700000, 0x0000000706800000|  0%| F|  |TAMS 0x0000000706700000, 0x0000000706700000| Untracked 
|  82|0x0000000706800000, 0x0000000706800000, 0x0000000706900000|  0%| F|  |TAMS 0x0000000706800000, 0x0000000706800000| Untracked 
|  83|0x0000000706900000, 0x0000000706900000, 0x0000000706a00000|  0%| F|  |TAMS 0x0000000706900000, 0x0000000706900000| Untracked 
|  84|0x0000000706a00000, 0x0000000706a00000, 0x0000000706b00000|  0%| F|  |TAMS 0x0000000706a00000, 0x0000000706a00000| Untracked 
|  85|0x0000000706b00000, 0x0000000706b00000, 0x0000000706c00000|  0%| F|  |TAMS 0x0000000706b00000, 0x0000000706b00000| Untracked 
|  86|0x0000000706c00000, 0x0000000706c00000, 0x0000000706d00000|  0%| F|  |TAMS 0x0000000706c00000, 0x0000000706c00000| Untracked 
|  87|0x0000000706d00000, 0x0000000706d00000, 0x0000000706e00000|  0%| F|  |TAMS 0x0000000706d00000, 0x0000000706d00000| Untracked 
|  88|0x0000000706e00000, 0x0000000706e00000, 0x0000000706f00000|  0%| F|  |TAMS 0x0000000706e00000, 0x0000000706e00000| Untracked 
|  89|0x0000000706f00000, 0x0000000706f00000, 0x0000000707000000|  0%| F|  |TAMS 0x0000000706f00000, 0x0000000706f00000| Untracked 
|  90|0x0000000707000000, 0x0000000707000000, 0x0000000707100000|  0%| F|  |TAMS 0x0000000707000000, 0x0000000707000000| Untracked 
|  91|0x0000000707100000, 0x0000000707100000, 0x0000000707200000|  0%| F|  |TAMS 0x0000000707100000, 0x0000000707100000| Untracked 
|  92|0x0000000707200000, 0x0000000707200000, 0x0000000707300000|  0%| F|  |TAMS 0x0000000707200000, 0x0000000707200000| Untracked 
|  93|0x0000000707300000, 0x0000000707300000, 0x0000000707400000|  0%| F|  |TAMS 0x0000000707300000, 0x0000000707300000| Untracked 
|  94|0x0000000707400000, 0x0000000707400000, 0x0000000707500000|  0%| F|  |TAMS 0x0000000707400000, 0x0000000707400000| Untracked 
|  95|0x0000000707500000, 0x0000000707500000, 0x0000000707600000|  0%| F|  |TAMS 0x0000000707500000, 0x0000000707500000| Untracked 
|  96|0x0000000707600000, 0x0000000707600000, 0x0000000707700000|  0%| F|  |TAMS 0x0000000707600000, 0x0000000707600000| Untracked 
|  97|0x0000000707700000, 0x0000000707700000, 0x0000000707800000|  0%| F|  |TAMS 0x0000000707700000, 0x0000000707700000| Untracked 
|  98|0x0000000707800000, 0x0000000707800000, 0x0000000707900000|  0%| F|  |TAMS 0x0000000707800000, 0x0000000707800000| Untracked 
|  99|0x0000000707900000, 0x0000000707900000, 0x0000000707a00000|  0%| F|  |TAMS 0x0000000707900000, 0x0000000707900000| Untracked 
| 100|0x0000000707a00000, 0x0000000707a00000, 0x0000000707b00000|  0%| F|  |TAMS 0x0000000707a00000, 0x0000000707a00000| Untracked 
| 101|0x0000000707b00000, 0x0000000707b00000, 0x0000000707c00000|  0%| F|  |TAMS 0x0000000707b00000, 0x0000000707b00000| Untracked 
| 102|0x0000000707c00000, 0x0000000707c00000, 0x0000000707d00000|  0%| F|  |TAMS 0x0000000707c00000, 0x0000000707c00000| Untracked 
| 103|0x0000000707d00000, 0x0000000707d00000, 0x0000000707e00000|  0%| F|  |TAMS 0x0000000707d00000, 0x0000000707d00000| Untracked 
| 104|0x0000000707e00000, 0x0000000707e00000, 0x0000000707f00000|  0%| F|  |TAMS 0x0000000707e00000, 0x0000000707e00000| Untracked 
| 105|0x0000000707f00000, 0x0000000707f00000, 0x0000000708000000|  0%| F|  |TAMS 0x0000000707f00000, 0x0000000707f00000| Untracked 
| 106|0x0000000708000000, 0x0000000708000000, 0x0000000708100000|  0%| F|  |TAMS 0x0000000708000000, 0x0000000708000000| Untracked 
| 107|0x0000000708100000, 0x0000000708100000, 0x0000000708200000|  0%| F|  |TAMS 0x0000000708100000, 0x0000000708100000| Untracked 
| 108|0x0000000708200000, 0x0000000708200000, 0x0000000708300000|  0%| F|  |TAMS 0x0000000708200000, 0x0000000708200000| Untracked 
| 109|0x0000000708300000, 0x0000000708300000, 0x0000000708400000|  0%| F|  |TAMS 0x0000000708300000, 0x0000000708300000| Untracked 
| 110|0x0000000708400000, 0x0000000708400000, 0x0000000708500000|  0%| F|  |TAMS 0x0000000708400000, 0x0000000708400000| Untracked 
| 111|0x0000000708500000, 0x0000000708500000, 0x0000000708600000|  0%| F|  |TAMS 0x0000000708500000, 0x0000000708500000| Untracked 
| 112|0x0000000708600000, 0x0000000708600000, 0x0000000708700000|  0%| F|  |TAMS 0x0000000708600000, 0x0000000708600000| Untracked 
| 113|0x0000000708700000, 0x0000000708700000, 0x0000000708800000|  0%| F|  |TAMS 0x0000000708700000, 0x0000000708700000| Untracked 
| 114|0x0000000708800000, 0x0000000708800000, 0x0000000708900000|  0%| F|  |TAMS 0x0000000708800000, 0x0000000708800000| Untracked 
| 115|0x0000000708900000, 0x0000000708900000, 0x0000000708a00000|  0%| F|  |TAMS 0x0000000708900000, 0x0000000708900000| Untracked 
| 116|0x0000000708a00000, 0x0000000708a00000, 0x0000000708b00000|  0%| F|  |TAMS 0x0000000708a00000, 0x0000000708a00000| Untracked 
| 117|0x0000000708b00000, 0x0000000708b00000, 0x0000000708c00000|  0%| F|  |TAMS 0x0000000708b00000, 0x0000000708b00000| Untracked 
| 118|0x0000000708c00000, 0x0000000708c00000, 0x0000000708d00000|  0%| F|  |TAMS 0x0000000708c00000, 0x0000000708c00000| Untracked 
| 119|0x0000000708d00000, 0x0000000708d00000, 0x0000000708e00000|  0%| F|  |TAMS 0x0000000708d00000, 0x0000000708d00000| Untracked 
| 120|0x0000000708e00000, 0x0000000708e00000, 0x0000000708f00000|  0%| F|  |TAMS 0x0000000708e00000, 0x0000000708e00000| Untracked 
| 121|0x0000000708f00000, 0x0000000708f00000, 0x0000000709000000|  0%| F|  |TAMS 0x0000000708f00000, 0x0000000708f00000| Untracked 
| 122|0x0000000709000000, 0x0000000709000000, 0x0000000709100000|  0%| F|  |TAMS 0x0000000709000000, 0x0000000709000000| Untracked 
| 123|0x0000000709100000, 0x0000000709100000, 0x0000000709200000|  0%| F|  |TAMS 0x0000000709100000, 0x0000000709100000| Untracked 
| 124|0x0000000709200000, 0x0000000709200000, 0x0000000709300000|  0%| F|  |TAMS 0x0000000709200000, 0x0000000709200000| Untracked 
| 125|0x0000000709300000, 0x0000000709300000, 0x0000000709400000|  0%| F|  |TAMS 0x0000000709300000, 0x0000000709300000| Untracked 
| 126|0x0000000709400000, 0x0000000709400000, 0x0000000709500000|  0%| F|  |TAMS 0x0000000709400000, 0x0000000709400000| Untracked 
| 127|0x0000000709500000, 0x0000000709500000, 0x0000000709600000|  0%| F|  |TAMS 0x0000000709500000, 0x0000000709500000| Untracked 
| 128|0x0000000709600000, 0x0000000709600000, 0x0000000709700000|  0%| F|  |TAMS 0x0000000709600000, 0x0000000709600000| Untracked 
| 129|0x0000000709700000, 0x0000000709700000, 0x0000000709800000|  0%| F|  |TAMS 0x0000000709700000, 0x0000000709700000| Untracked 
| 130|0x0000000709800000, 0x0000000709800000, 0x0000000709900000|  0%| F|  |TAMS 0x0000000709800000, 0x0000000709800000| Untracked 
| 131|0x0000000709900000, 0x0000000709900000, 0x0000000709a00000|  0%| F|  |TAMS 0x0000000709900000, 0x0000000709900000| Untracked 
| 132|0x0000000709a00000, 0x0000000709a00000, 0x0000000709b00000|  0%| F|  |TAMS 0x0000000709a00000, 0x0000000709a00000| Untracked 
| 133|0x0000000709b00000, 0x0000000709b00000, 0x0000000709c00000|  0%| F|  |TAMS 0x0000000709b00000, 0x0000000709b00000| Untracked 
| 134|0x0000000709c00000, 0x0000000709c00000, 0x0000000709d00000|  0%| F|  |TAMS 0x0000000709c00000, 0x0000000709c00000| Untracked 
| 135|0x0000000709d00000, 0x0000000709d00000, 0x0000000709e00000|  0%| F|  |TAMS 0x0000000709d00000, 0x0000000709d00000| Untracked 
| 136|0x0000000709e00000, 0x0000000709e00000, 0x0000000709f00000|  0%| F|  |TAMS 0x0000000709e00000, 0x0000000709e00000| Untracked 
| 137|0x0000000709f00000, 0x0000000709f00000, 0x000000070a000000|  0%| F|  |TAMS 0x0000000709f00000, 0x0000000709f00000| Untracked 
| 138|0x000000070a000000, 0x000000070a000000, 0x000000070a100000|  0%| F|  |TAMS 0x000000070a000000, 0x000000070a000000| Untracked 
| 139|0x000000070a100000, 0x000000070a100000, 0x000000070a200000|  0%| F|  |TAMS 0x000000070a100000, 0x000000070a100000| Untracked 
| 140|0x000000070a200000, 0x000000070a200000, 0x000000070a300000|  0%| F|  |TAMS 0x000000070a200000, 0x000000070a200000| Untracked 
| 141|0x000000070a300000, 0x000000070a300000, 0x000000070a400000|  0%| F|  |TAMS 0x000000070a300000, 0x000000070a300000| Untracked 
| 142|0x000000070a400000, 0x000000070a400000, 0x000000070a500000|  0%| F|  |TAMS 0x000000070a400000, 0x000000070a400000| Untracked 
| 143|0x000000070a500000, 0x000000070a500000, 0x000000070a600000|  0%| F|  |TAMS 0x000000070a500000, 0x000000070a500000| Untracked 
| 144|0x000000070a600000, 0x000000070a600000, 0x000000070a700000|  0%| F|  |TAMS 0x000000070a600000, 0x000000070a600000| Untracked 
| 145|0x000000070a700000, 0x000000070a700000, 0x000000070a800000|  0%| F|  |TAMS 0x000000070a700000, 0x000000070a700000| Untracked 
| 146|0x000000070a800000, 0x000000070a800000, 0x000000070a900000|  0%| F|  |TAMS 0x000000070a800000, 0x000000070a800000| Untracked 
| 147|0x000000070a900000, 0x000000070a900000, 0x000000070aa00000|  0%| F|  |TAMS 0x000000070a900000, 0x000000070a900000| Untracked 
| 148|0x000000070aa00000, 0x000000070aa00000, 0x000000070ab00000|  0%| F|  |TAMS 0x000000070aa00000, 0x000000070aa00000| Untracked 
| 149|0x000000070ab00000, 0x000000070ab00000, 0x000000070ac00000|  0%| F|  |TAMS 0x000000070ab00000, 0x000000070ab00000| Untracked 
| 150|0x000000070ac00000, 0x000000070ac00000, 0x000000070ad00000|  0%| F|  |TAMS 0x000000070ac00000, 0x000000070ac00000| Untracked 
| 151|0x000000070ad00000, 0x000000070ad00000, 0x000000070ae00000|  0%| F|  |TAMS 0x000000070ad00000, 0x000000070ad00000| Untracked 
| 152|0x000000070ae00000, 0x000000070ae00000, 0x000000070af00000|  0%| F|  |TAMS 0x000000070ae00000, 0x000000070ae00000| Untracked 
| 153|0x000000070af00000, 0x000000070af00000, 0x000000070b000000|  0%| F|  |TAMS 0x000000070af00000, 0x000000070af00000| Untracked 
| 154|0x000000070b000000, 0x000000070b000000, 0x000000070b100000|  0%| F|  |TAMS 0x000000070b000000, 0x000000070b000000| Untracked 
| 155|0x000000070b100000, 0x000000070b100000, 0x000000070b200000|  0%| F|  |TAMS 0x000000070b100000, 0x000000070b100000| Untracked 
| 156|0x000000070b200000, 0x000000070b200000, 0x000000070b300000|  0%| F|  |TAMS 0x000000070b200000, 0x000000070b200000| Untracked 
| 157|0x000000070b300000, 0x000000070b300000, 0x000000070b400000|  0%| F|  |TAMS 0x000000070b300000, 0x000000070b300000| Untracked 
| 158|0x000000070b400000, 0x000000070b400000, 0x000000070b500000|  0%| F|  |TAMS 0x000000070b400000, 0x000000070b400000| Untracked 
| 159|0x000000070b500000, 0x000000070b500000, 0x000000070b600000|  0%| F|  |TAMS 0x000000070b500000, 0x000000070b500000| Untracked 
| 160|0x000000070b600000, 0x000000070b600000, 0x000000070b700000|  0%| F|  |TAMS 0x000000070b600000, 0x000000070b600000| Untracked 
| 161|0x000000070b700000, 0x000000070b700000, 0x000000070b800000|  0%| F|  |TAMS 0x000000070b700000, 0x000000070b700000| Untracked 
| 162|0x000000070b800000, 0x000000070b800000, 0x000000070b900000|  0%| F|  |TAMS 0x000000070b800000, 0x000000070b800000| Untracked 
| 163|0x000000070b900000, 0x000000070b900000, 0x000000070ba00000|  0%| F|  |TAMS 0x000000070b900000, 0x000000070b900000| Untracked 
| 164|0x000000070ba00000, 0x000000070ba00000, 0x000000070bb00000|  0%| F|  |TAMS 0x000000070ba00000, 0x000000070ba00000| Untracked 
| 165|0x000000070bb00000, 0x000000070bb00000, 0x000000070bc00000|  0%| F|  |TAMS 0x000000070bb00000, 0x000000070bb00000| Untracked 
| 166|0x000000070bc00000, 0x000000070bc00000, 0x000000070bd00000|  0%| F|  |TAMS 0x000000070bc00000, 0x000000070bc00000| Untracked 
| 167|0x000000070bd00000, 0x000000070bd00000, 0x000000070be00000|  0%| F|  |TAMS 0x000000070bd00000, 0x000000070bd00000| Untracked 
| 168|0x000000070be00000, 0x000000070be00000, 0x000000070bf00000|  0%| F|  |TAMS 0x000000070be00000, 0x000000070be00000| Untracked 
| 169|0x000000070bf00000, 0x000000070bf00000, 0x000000070c000000|  0%| F|  |TAMS 0x000000070bf00000, 0x000000070bf00000| Untracked 
| 170|0x000000070c000000, 0x000000070c000000, 0x000000070c100000|  0%| F|  |TAMS 0x000000070c000000, 0x000000070c000000| Untracked 
| 171|0x000000070c100000, 0x000000070c100000, 0x000000070c200000|  0%| F|  |TAMS 0x000000070c100000, 0x000000070c100000| Untracked 
| 172|0x000000070c200000, 0x000000070c200000, 0x000000070c300000|  0%| F|  |TAMS 0x000000070c200000, 0x000000070c200000| Untracked 
| 173|0x000000070c300000, 0x000000070c300000, 0x000000070c400000|  0%| F|  |TAMS 0x000000070c300000, 0x000000070c300000| Untracked 
| 174|0x000000070c400000, 0x000000070c400000, 0x000000070c500000|  0%| F|  |TAMS 0x000000070c400000, 0x000000070c400000| Untracked 
| 175|0x000000070c500000, 0x000000070c500000, 0x000000070c600000|  0%| F|  |TAMS 0x000000070c500000, 0x000000070c500000| Untracked 
| 176|0x000000070c600000, 0x000000070c600000, 0x000000070c700000|  0%| F|  |TAMS 0x000000070c600000, 0x000000070c600000| Untracked 
| 177|0x000000070c700000, 0x000000070c700000, 0x000000070c800000|  0%| F|  |TAMS 0x000000070c700000, 0x000000070c700000| Untracked 
| 178|0x000000070c800000, 0x000000070c800000, 0x000000070c900000|  0%| F|  |TAMS 0x000000070c800000, 0x000000070c800000| Untracked 
| 179|0x000000070c900000, 0x000000070c900000, 0x000000070ca00000|  0%| F|  |TAMS 0x000000070c900000, 0x000000070c900000| Untracked 
| 180|0x000000070ca00000, 0x000000070ca00000, 0x000000070cb00000|  0%| F|  |TAMS 0x000000070ca00000, 0x000000070ca00000| Untracked 
| 181|0x000000070cb00000, 0x000000070cb00000, 0x000000070cc00000|  0%| F|  |TAMS 0x000000070cb00000, 0x000000070cb00000| Untracked 
| 182|0x000000070cc00000, 0x000000070cc00000, 0x000000070cd00000|  0%| F|  |TAMS 0x000000070cc00000, 0x000000070cc00000| Untracked 
| 183|0x000000070cd00000, 0x000000070cd00000, 0x000000070ce00000|  0%| F|  |TAMS 0x000000070cd00000, 0x000000070cd00000| Untracked 
| 184|0x000000070ce00000, 0x000000070ce00000, 0x000000070cf00000|  0%| F|  |TAMS 0x000000070ce00000, 0x000000070ce00000| Untracked 
| 185|0x000000070cf00000, 0x000000070cf00000, 0x000000070d000000|  0%| F|  |TAMS 0x000000070cf00000, 0x000000070cf00000| Untracked 
| 186|0x000000070d000000, 0x000000070d000000, 0x000000070d100000|  0%| F|  |TAMS 0x000000070d000000, 0x000000070d000000| Untracked 
| 187|0x000000070d100000, 0x000000070d100000, 0x000000070d200000|  0%| F|  |TAMS 0x000000070d100000, 0x000000070d100000| Untracked 
| 188|0x000000070d200000, 0x000000070d200000, 0x000000070d300000|  0%| F|  |TAMS 0x000000070d200000, 0x000000070d200000| Untracked 
| 189|0x000000070d300000, 0x000000070d300000, 0x000000070d400000|  0%| F|  |TAMS 0x000000070d300000, 0x000000070d300000| Untracked 
| 190|0x000000070d400000, 0x000000070d400000, 0x000000070d500000|  0%| F|  |TAMS 0x000000070d400000, 0x000000070d400000| Untracked 
| 191|0x000000070d500000, 0x000000070d500000, 0x000000070d600000|  0%| F|  |TAMS 0x000000070d500000, 0x000000070d500000| Untracked 
| 192|0x000000070d600000, 0x000000070d600000, 0x000000070d700000|  0%| F|  |TAMS 0x000000070d600000, 0x000000070d600000| Untracked 
| 193|0x000000070d700000, 0x000000070d700000, 0x000000070d800000|  0%| F|  |TAMS 0x000000070d700000, 0x000000070d700000| Untracked 
| 194|0x000000070d800000, 0x000000070d800000, 0x000000070d900000|  0%| F|  |TAMS 0x000000070d800000, 0x000000070d800000| Untracked 
| 195|0x000000070d900000, 0x000000070d900000, 0x000000070da00000|  0%| F|  |TAMS 0x000000070d900000, 0x000000070d900000| Untracked 
| 196|0x000000070da00000, 0x000000070da00000, 0x000000070db00000|  0%| F|  |TAMS 0x000000070da00000, 0x000000070da00000| Untracked 
| 197|0x000000070db00000, 0x000000070db00000, 0x000000070dc00000|  0%| F|  |TAMS 0x000000070db00000, 0x000000070db00000| Untracked 
| 198|0x000000070dc00000, 0x000000070dc00000, 0x000000070dd00000|  0%| F|  |TAMS 0x000000070dc00000, 0x000000070dc00000| Untracked 
| 199|0x000000070dd00000, 0x000000070dd00000, 0x000000070de00000|  0%| F|  |TAMS 0x000000070dd00000, 0x000000070dd00000| Untracked 
| 200|0x000000070de00000, 0x000000070de00000, 0x000000070df00000|  0%| F|  |TAMS 0x000000070de00000, 0x000000070de00000| Untracked 
| 201|0x000000070df00000, 0x000000070df00000, 0x000000070e000000|  0%| F|  |TAMS 0x000000070df00000, 0x000000070df00000| Untracked 
| 202|0x000000070e000000, 0x000000070e000000, 0x000000070e100000|  0%| F|  |TAMS 0x000000070e000000, 0x000000070e000000| Untracked 
| 203|0x000000070e100000, 0x000000070e100000, 0x000000070e200000|  0%| F|  |TAMS 0x000000070e100000, 0x000000070e100000| Untracked 
| 204|0x000000070e200000, 0x000000070e200000, 0x000000070e300000|  0%| F|  |TAMS 0x000000070e200000, 0x000000070e200000| Untracked 
| 205|0x000000070e300000, 0x000000070e300000, 0x000000070e400000|  0%| F|  |TAMS 0x000000070e300000, 0x000000070e300000| Untracked 
| 206|0x000000070e400000, 0x000000070e400000, 0x000000070e500000|  0%| F|  |TAMS 0x000000070e400000, 0x000000070e400000| Untracked 
| 207|0x000000070e500000, 0x000000070e500000, 0x000000070e600000|  0%| F|  |TAMS 0x000000070e500000, 0x000000070e500000| Untracked 
| 208|0x000000070e600000, 0x000000070e600000, 0x000000070e700000|  0%| F|  |TAMS 0x000000070e600000, 0x000000070e600000| Untracked 
| 209|0x000000070e700000, 0x000000070e700000, 0x000000070e800000|  0%| F|  |TAMS 0x000000070e700000, 0x000000070e700000| Untracked 
| 210|0x000000070e800000, 0x000000070e800000, 0x000000070e900000|  0%| F|  |TAMS 0x000000070e800000, 0x000000070e800000| Untracked 
| 211|0x000000070e900000, 0x000000070e900000, 0x000000070ea00000|  0%| F|  |TAMS 0x000000070e900000, 0x000000070e900000| Untracked 
| 212|0x000000070ea00000, 0x000000070ea00000, 0x000000070eb00000|  0%| F|  |TAMS 0x000000070ea00000, 0x000000070ea00000| Untracked 
| 213|0x000000070eb00000, 0x000000070eb00000, 0x000000070ec00000|  0%| F|  |TAMS 0x000000070eb00000, 0x000000070eb00000| Untracked 
| 214|0x000000070ec00000, 0x000000070ec00000, 0x000000070ed00000|  0%| F|  |TAMS 0x000000070ec00000, 0x000000070ec00000| Untracked 
| 215|0x000000070ed00000, 0x000000070ed00000, 0x000000070ee00000|  0%| F|  |TAMS 0x000000070ed00000, 0x000000070ed00000| Untracked 
| 216|0x000000070ee00000, 0x000000070ee00000, 0x000000070ef00000|  0%| F|  |TAMS 0x000000070ee00000, 0x000000070ee00000| Untracked 
| 217|0x000000070ef00000, 0x000000070ef00000, 0x000000070f000000|  0%| F|  |TAMS 0x000000070ef00000, 0x000000070ef00000| Untracked 
| 218|0x000000070f000000, 0x000000070f000000, 0x000000070f100000|  0%| F|  |TAMS 0x000000070f000000, 0x000000070f000000| Untracked 
| 219|0x000000070f100000, 0x000000070f100000, 0x000000070f200000|  0%| F|  |TAMS 0x000000070f100000, 0x000000070f100000| Untracked 
| 220|0x000000070f200000, 0x000000070f200000, 0x000000070f300000|  0%| F|  |TAMS 0x000000070f200000, 0x000000070f200000| Untracked 
| 221|0x000000070f300000, 0x000000070f300000, 0x000000070f400000|  0%| F|  |TAMS 0x000000070f300000, 0x000000070f300000| Untracked 
| 222|0x000000070f400000, 0x000000070f400000, 0x000000070f500000|  0%| F|  |TAMS 0x000000070f400000, 0x000000070f400000| Untracked 
| 223|0x000000070f500000, 0x000000070f500000, 0x000000070f600000|  0%| F|  |TAMS 0x000000070f500000, 0x000000070f500000| Untracked 
| 224|0x000000070f600000, 0x000000070f600000, 0x000000070f700000|  0%| F|  |TAMS 0x000000070f600000, 0x000000070f600000| Untracked 
| 225|0x000000070f700000, 0x000000070f700000, 0x000000070f800000|  0%| F|  |TAMS 0x000000070f700000, 0x000000070f700000| Untracked 
| 226|0x000000070f800000, 0x000000070f800000, 0x000000070f900000|  0%| F|  |TAMS 0x000000070f800000, 0x000000070f800000| Untracked 
| 227|0x000000070f900000, 0x000000070f900000, 0x000000070fa00000|  0%| F|  |TAMS 0x000000070f900000, 0x000000070f900000| Untracked 
| 228|0x000000070fa00000, 0x000000070fa00000, 0x000000070fb00000|  0%| F|  |TAMS 0x000000070fa00000, 0x000000070fa00000| Untracked 
| 229|0x000000070fb00000, 0x000000070fb00000, 0x000000070fc00000|  0%| F|  |TAMS 0x000000070fb00000, 0x000000070fb00000| Untracked 
| 230|0x000000070fc00000, 0x000000070fc00000, 0x000000070fd00000|  0%| F|  |TAMS 0x000000070fc00000, 0x000000070fc00000| Untracked 
| 231|0x000000070fd00000, 0x000000070fd00000, 0x000000070fe00000|  0%| F|  |TAMS 0x000000070fd00000, 0x000000070fd00000| Untracked 
| 232|0x000000070fe00000, 0x000000070fe00000, 0x000000070ff00000|  0%| F|  |TAMS 0x000000070fe00000, 0x000000070fe00000| Untracked 
| 233|0x000000070ff00000, 0x000000070ff00000, 0x0000000710000000|  0%| F|  |TAMS 0x000000070ff00000, 0x000000070ff00000| Untracked 
| 234|0x0000000710000000, 0x0000000710000000, 0x0000000710100000|  0%| F|  |TAMS 0x0000000710000000, 0x0000000710000000| Untracked 
| 235|0x0000000710100000, 0x0000000710100000, 0x0000000710200000|  0%| F|  |TAMS 0x0000000710100000, 0x0000000710100000| Untracked 
| 236|0x0000000710200000, 0x0000000710200000, 0x0000000710300000|  0%| F|  |TAMS 0x0000000710200000, 0x0000000710200000| Untracked 
| 237|0x0000000710300000, 0x0000000710300000, 0x0000000710400000|  0%| F|  |TAMS 0x0000000710300000, 0x0000000710300000| Untracked 
| 238|0x0000000710400000, 0x0000000710400000, 0x0000000710500000|  0%| F|  |TAMS 0x0000000710400000, 0x0000000710400000| Untracked 
| 239|0x0000000710500000, 0x0000000710500000, 0x0000000710600000|  0%| F|  |TAMS 0x0000000710500000, 0x0000000710500000| Untracked 
| 240|0x0000000710600000, 0x0000000710600000, 0x0000000710700000|  0%| F|  |TAMS 0x0000000710600000, 0x0000000710600000| Untracked 
| 241|0x0000000710700000, 0x0000000710700000, 0x0000000710800000|  0%| F|  |TAMS 0x0000000710700000, 0x0000000710700000| Untracked 
| 242|0x0000000710800000, 0x0000000710800000, 0x0000000710900000|  0%| F|  |TAMS 0x0000000710800000, 0x0000000710800000| Untracked 
| 243|0x0000000710900000, 0x0000000710900000, 0x0000000710a00000|  0%| F|  |TAMS 0x0000000710900000, 0x0000000710900000| Untracked 
| 244|0x0000000710a00000, 0x0000000710a00000, 0x0000000710b00000|  0%| F|  |TAMS 0x0000000710a00000, 0x0000000710a00000| Untracked 
| 245|0x0000000710b00000, 0x0000000710b00000, 0x0000000710c00000|  0%| F|  |TAMS 0x0000000710b00000, 0x0000000710b00000| Untracked 
| 246|0x0000000710c00000, 0x0000000710c00000, 0x0000000710d00000|  0%| F|  |TAMS 0x0000000710c00000, 0x0000000710c00000| Untracked 
| 247|0x0000000710d00000, 0x0000000710d00000, 0x0000000710e00000|  0%| F|  |TAMS 0x0000000710d00000, 0x0000000710d00000| Untracked 
| 248|0x0000000710e00000, 0x0000000710e00000, 0x0000000710f00000|  0%| F|  |TAMS 0x0000000710e00000, 0x0000000710e00000| Untracked 
| 249|0x0000000710f00000, 0x0000000710f00000, 0x0000000711000000|  0%| F|  |TAMS 0x0000000710f00000, 0x0000000710f00000| Untracked 
| 250|0x0000000711000000, 0x0000000711043110, 0x0000000711100000| 26%| E|  |TAMS 0x0000000711000000, 0x0000000711000000| Complete 
| 251|0x0000000711100000, 0x0000000711200000, 0x0000000711200000|100%| E|CS|TAMS 0x0000000711100000, 0x0000000711100000| Complete 
| 252|0x0000000711200000, 0x0000000711300000, 0x0000000711300000|100%| E|CS|TAMS 0x0000000711200000, 0x0000000711200000| Complete 
| 253|0x0000000711300000, 0x0000000711400000, 0x0000000711400000|100%| E|CS|TAMS 0x0000000711300000, 0x0000000711300000| Complete 
| 254|0x0000000711400000, 0x0000000711500000, 0x0000000711500000|100%| E|CS|TAMS 0x0000000711400000, 0x0000000711400000| Complete 
| 255|0x0000000711500000, 0x0000000711600000, 0x0000000711600000|100%| E|CS|TAMS 0x0000000711500000, 0x0000000711500000| Complete 

Card table byte_map: [0x0000020d7a0b0000,0x0000020d7a8b0000] _byte_map_base: 0x0000020d768a5000

Marking Bits (Prev, Next): (CMBitMap*) 0x0000020d77a32e08, (CMBitMap*) 0x0000020d77a32e48
 Prev Bits: [0x0000020d7b0b0000, 0x0000020d7f058000)
 Next Bits: [0x0000020d176d0000, 0x0000020d1b678000)

Polling page: 0x0000020d77840000

Metaspace:

Usage:
  Non-class:      4.68 MB capacity,     1.72 MB ( 37%) used,     2.95 MB ( 63%) free+waste,     3.69 KB ( <1%) overhead. 
      Class:    481.00 KB capacity,   177.14 KB ( 37%) used,   301.86 KB ( 63%) free+waste,     2.00 KB ( <1%) overhead. 
       Both:      5.15 MB capacity,     1.90 MB ( 37%) used,     3.25 MB ( 63%) free+waste,     5.69 KB ( <1%) overhead. 

Virtual space:
  Non-class space:        8.00 MB reserved,       4.75 MB ( 59%) committed 
      Class space:        1.00 GB reserved,     512.00 KB ( <1%) committed 
             Both:        1.01 GB reserved,       5.25 MB ( <1%) committed 

Chunk freelists:
   Non-Class:  7.00 KB
       Class:  31.00 KB
        Both:  38.00 KB

MaxMetaspaceSize: 17179869184.00 GB
CompressedClassSpaceSize: 1.00 GB

CodeHeap 'non-profiled nmethods': size=120000Kb used=148Kb max_used=148Kb free=119851Kb
 bounds [0x0000020d101a0000, 0x0000020d10410000, 0x0000020d176d0000]
CodeHeap 'profiled nmethods': size=120000Kb used=1017Kb max_used=1017Kb free=118982Kb
 bounds [0x0000020d08c70000, 0x0000020d08ee0000, 0x0000020d101a0000]
CodeHeap 'non-nmethods': size=5760Kb used=1155Kb max_used=1170Kb free=4605Kb
 bounds [0x0000020d086d0000, 0x0000020d08940000, 0x0000020d08c70000]
 total_blobs=963 nmethods=556 adapters=320
 compilation: enabled
              stopped_count=0, restarted_count=0
 full_count=0

Compilation events (20 events):
Event: 1.268 Thread 0x0000020d1d750800  540       3       org.bytedeco.javacpp.Pointer$NativeDeallocator::<init> (23 bytes)
Event: 1.268 Thread 0x0000020d1d750800 nmethod 540 0x0000020d08d62790 code [0x0000020d08d62940, 0x0000020d08d62b28]
Event: 1.268 Thread 0x0000020d1d750800  541       3       org.bytedeco.javacpp.Pointer$DeallocatorReference::<init> (50 bytes)
Event: 1.269 Thread 0x0000020d1d750800 nmethod 541 0x0000020d08d62c10 code [0x0000020d08d62e40, 0x0000020d08d638c8]
Event: 1.353 Thread 0x0000020d1d750800  545   !   3       org.bytedeco.javacpp.Pointer$DeallocatorReference::add (59 bytes)
Event: 1.353 Thread 0x0000020d1d750800 nmethod 545 0x0000020d08d63b90 code [0x0000020d08d63d60, 0x0000020d08d642b8]
Event: 1.353 Thread 0x0000020d1d750800  546       3       org.bytedeco.javacpp.PointerScope::getScopeIterator (15 bytes)
Event: 1.354 Thread 0x0000020d1d750800 nmethod 546 0x0000020d08d64410 code [0x0000020d08d645e0, 0x0000020d08d649f8]
Event: 1.367 Thread 0x0000020d1d750800  547       3       org.bytedeco.javacpp.Loader::offsetof (59 bytes)
Event: 1.368 Thread 0x0000020d1d750800 nmethod 547 0x0000020d08d64b90 code [0x0000020d08d64de0, 0x0000020d08d656b8]
Event: 1.368 Thread 0x0000020d1d750800  548   !   3       org.bytedeco.javacpp.Pointer::deallocator (535 bytes)
Event: 1.376 Thread 0x0000020d1d750800 nmethod 548 0x0000020d08d65a10 code [0x0000020d08d662e0, 0x0000020d08d6b548]
Event: 1.376 Thread 0x0000020d1d750800  549       3       java.util.ArrayDeque$DeqIterator::<init> (34 bytes)
Event: 1.376 Thread 0x0000020d1d750800 nmethod 549 0x0000020d08d6d610 code [0x0000020d08d6d7c0, 0x0000020d08d6dab8]
Event: 1.377 Thread 0x0000020d1d750800  550       1       java.nio.charset.Charset::name (5 bytes)
Event: 1.377 Thread 0x0000020d1d750800 nmethod 550 0x0000020d101c3e90 code [0x0000020d101c4020, 0x0000020d101c40f8]
Event: 1.500 Thread 0x0000020d1d750800  552       3       org.bytedeco.javacpp.Pointer::<init> (86 bytes)
Event: 1.500 Thread 0x0000020d1d750800 nmethod 552 0x0000020d08d6dc10 code [0x0000020d08d6ddc0, 0x0000020d08d6e148]
Event: 1.567 Thread 0x0000020d1d750800  553       3       me.pale.maths.Maths::Lerp (24 bytes)
Event: 1.567 Thread 0x0000020d1d750800 nmethod 553 0x0000020d08d6e290 code [0x0000020d08d6e440, 0x0000020d08d6e618]

GC Heap History (0 events):
No events

Deoptimization events (4 events):
Event: 0.112 Thread 0x0000020d779ae800 Uncommon trap: trap_request=0xffffff45 fr.pc=0x0000020d101a3da4 relative=0x00000000000001c4
Event: 0.112 Thread 0x0000020d779ae800 Uncommon trap: reason=unstable_if action=reinterpret pc=0x0000020d101a3da4 method=java.lang.String.hashCode()I @ 42 c2
Event: 0.112 Thread 0x0000020d779ae800 DEOPT PACKING pc=0x0000020d101a3da4 sp=0x0000008511ffe2c0
Event: 0.113 Thread 0x0000020d779ae800 DEOPT UNPACKING pc=0x0000020d0871912f sp=0x0000008511ffe258 mode 2

Classes unloaded (0 events):
No events

Classes redefined (0 events):
No events

Internal exceptions (5 events):
Event: 0.230 Thread 0x0000020d779ae800 Exception <a 'java/lang/NoSuchMethodError'{0x00000007114592c8}: 'int java.lang.invoke.DirectMethodHandle$Holder.invokeStaticInit(java.lang.Object, java.lang.Object, java.lang.Object, java.lang.Object)'> (0x00000007114592c8) 
thrown [./open/src/hotspot/share/interpreter/linkResolver.cpp, line 766]
Event: 0.241 Thread 0x0000020d779ae800 Exception <a 'java/lang/IncompatibleClassChangeError'{0x00000007114630e8}: Found class java.lang.Object, but interface was expected> (0x00000007114630e8) 
thrown [./open/src/hotspot/share/interpreter/linkResolver.cpp, line 832]
Event: 0.243 Thread 0x0000020d779ae800 Exception <a 'java/lang/NoSuchMethodError'{0x0000000711466138}: 'void java.lang.invoke.DirectMethodHandle$Holder.invokeStaticInit(java.lang.Object, java.lang.Object)'> (0x0000000711466138) 
thrown [./open/src/hotspot/share/interpreter/linkResolver.cpp, line 766]
Event: 0.247 Thread 0x0000020d779ae800 Exception <a 'java/lang/NoSuchMethodError'{0x000000071146bc38}: 'int java.lang.invoke.DirectMethodHandle$Holder.invokeStaticInit(java.lang.Object, java.lang.Object)'> (0x000000071146bc38) 
thrown [./open/src/hotspot/share/interpreter/linkResolver.cpp, line 766]
Event: 0.425 Thread 0x0000020d779ae800 Exception <a 'java/lang/NoSuchMethodError'{0x000000071121a9c8}: 'java.lang.Object java.lang.invoke.DirectMethodHandle$Holder.invokeStatic(java.lang.Object, int, java.lang.Object)'> (0x000000071121a9c8) 
thrown [./open/src/hotspot/share/interpreter/linkResolver.cpp, line 766]

Events (20 events):
Event: 0.421 loading class java/time/DayOfWeek
Event: 0.421 loading class java/time/DayOfWeek done
Event: 0.421 loading class java/time/zone/ZoneOffsetTransitionRule$TimeDefinition
Event: 0.422 loading class java/time/zone/ZoneOffsetTransitionRule$TimeDefinition done
Event: 0.422 loading class java/time/zone/ZoneOffsetTransition
Event: 0.422 loading class java/time/zone/ZoneOffsetTransition done
Event: 0.424 loading class java/time/temporal/TemporalAdjusters
Event: 0.424 loading class java/time/temporal/TemporalAdjusters done
Event: 0.427 loading class java/time/zone/ZoneOffsetTransitionRule$1
Event: 0.427 loading class java/time/zone/ZoneOffsetTransitionRule$1 done
Event: 0.427 loading class java/util/concurrent/TimeUnit$1
Event: 0.427 loading class java/util/concurrent/TimeUnit$1 done
Event: 0.431 Loaded shared library C:\Users\Gavin\.javacpp\cache\jaylib-natives-windows-x86_64-3.7.0.jar\com\raylib\windows-x86_64\jniRaylib.dll
Event: 0.495 loading class java/io/FilePermission$1
Event: 0.495 loading class jdk/internal/access/JavaIOFilePermissionAccess
Event: 0.495 loading class jdk/internal/access/JavaIOFilePermissionAccess done
Event: 0.495 loading class java/io/FilePermission$1 done
Event: 0.545 loading class java/lang/StringCoding$StringEncoder
Event: 0.546 loading class java/lang/StringCoding$StringEncoder done
Event: 1.352 Loaded shared library C:\Users\Gavin\.javacpp\cache\jaylib-natives-windows-x86_64-3.7.0.jar\com\raylib\windows-x86_64\jniRaylib.dll


Dynamic libraries:
0x00007ff7aef40000 - 0x00007ff7aef4f000 	C:\Program Files\Java\jdk-14.0.2\bin\javaw.exe
0x00007ffabe990000 - 0x00007ffabeb85000 	C:\WINDOWS\SYSTEM32\ntdll.dll
0x00007ffabc9e0000 - 0x00007ffabca9e000 	C:\WINDOWS\System32\KERNEL32.DLL
0x00007ffabc650000 - 0x00007ffabc919000 	C:\WINDOWS\System32\KERNELBASE.dll
0x00007ffabc4a0000 - 0x00007ffabc5a0000 	C:\WINDOWS\System32\ucrtbase.dll
0x00007ffaaebc0000 - 0x00007ffaaebd8000 	C:\Program Files\Java\jdk-14.0.2\bin\jli.dll
0x00007ffaa5c80000 - 0x00007ffaa5c95000 	C:\Program Files\Java\jdk-14.0.2\bin\VCRUNTIME140.dll
0x00007ffabd170000 - 0x00007ffabd21c000 	C:\WINDOWS\System32\ADVAPI32.dll
0x00007ffabe800000 - 0x00007ffabe89e000 	C:\WINDOWS\System32\msvcrt.dll
0x00007ffabd6c0000 - 0x00007ffabd75b000 	C:\WINDOWS\System32\sechost.dll
0x00007ffabd840000 - 0x00007ffabd96a000 	C:\WINDOWS\System32\RPCRT4.dll
0x00007ffabd4b0000 - 0x00007ffabd651000 	C:\WINDOWS\System32\USER32.dll
0x00007ffabc9b0000 - 0x00007ffabc9d2000 	C:\WINDOWS\System32\win32u.dll
0x00007ffab02a0000 - 0x00007ffab053a000 	C:\WINDOWS\WinSxS\amd64_microsoft.windows.common-controls_6595b64144ccf1df_6.0.19041.1110_none_60b5254171f9507e\COMCTL32.dll
0x00007ffabd770000 - 0x00007ffabd79b000 	C:\WINDOWS\System32\GDI32.dll
0x00007ffabc0b0000 - 0x00007ffabc1bb000 	C:\WINDOWS\System32\gdi32full.dll
0x00007ffabc1c0000 - 0x00007ffabc25d000 	C:\WINDOWS\System32\msvcp_win.dll
0x00007ffab2790000 - 0x00007ffab279a000 	C:\WINDOWS\SYSTEM32\VERSION.dll
0x00007ffabccf0000 - 0x00007ffabcd20000 	C:\WINDOWS\System32\IMM32.DLL
0x00007ffa97d70000 - 0x00007ffa97e0b000 	C:\Program Files\Java\jdk-14.0.2\bin\msvcp140.dll
0x00007ffa850b0000 - 0x00007ffa85bce000 	C:\Program Files\Java\jdk-14.0.2\bin\server\jvm.dll
0x00007ffabcaa0000 - 0x00007ffabcaa8000 	C:\WINDOWS\System32\PSAPI.DLL
0x00007ffab8e30000 - 0x00007ffab8e39000 	C:\WINDOWS\SYSTEM32\WSOCK32.dll
0x00007ffabd440000 - 0x00007ffabd4ab000 	C:\WINDOWS\System32\WS2_32.dll
0x00007ffaa62d0000 - 0x00007ffaa62f7000 	C:\WINDOWS\SYSTEM32\WINMM.dll
0x00007ffaba930000 - 0x00007ffaba942000 	C:\WINDOWS\SYSTEM32\kernel.appcore.dll
0x00007ffab72e0000 - 0x00007ffab72ea000 	C:\Program Files\Java\jdk-14.0.2\bin\jimage.dll
0x00007ffab45e0000 - 0x00007ffab47c4000 	C:\WINDOWS\SYSTEM32\DBGHELP.DLL
0x00007ffab44e0000 - 0x00007ffab450c000 	C:\WINDOWS\SYSTEM32\dbgcore.DLL
0x00007ffabc920000 - 0x00007ffabc9a3000 	C:\WINDOWS\System32\bcryptPrimitives.dll
0x00007ffab6380000 - 0x00007ffab63a5000 	C:\Program Files\Java\jdk-14.0.2\bin\java.dll
0x00007ffab65c0000 - 0x00007ffab65d6000 	C:\Program Files\Java\jdk-14.0.2\bin\zip.dll
0x00007ffabd970000 - 0x00007ffabe0af000 	C:\WINDOWS\System32\SHELL32.dll
0x00007ffab9fd0000 - 0x00007ffaba760000 	C:\WINDOWS\SYSTEM32\windows.storage.dll
0x00007ffabce10000 - 0x00007ffabd165000 	C:\WINDOWS\System32\combase.dll
0x00007ffabbb00000 - 0x00007ffabbb2c000 	C:\WINDOWS\SYSTEM32\Wldp.dll
0x00007ffabe8a0000 - 0x00007ffabe94d000 	C:\WINDOWS\System32\SHCORE.dll
0x00007ffabd660000 - 0x00007ffabd6b5000 	C:\WINDOWS\System32\shlwapi.dll
0x00007ffabbff0000 - 0x00007ffabc00f000 	C:\WINDOWS\SYSTEM32\profapi.dll
0x00007ffab62c0000 - 0x00007ffab62d9000 	C:\Program Files\Java\jdk-14.0.2\bin\net.dll
0x00007ffab20b0000 - 0x00007ffab21b8000 	C:\WINDOWS\SYSTEM32\WINHTTP.dll
0x00007ffabb860000 - 0x00007ffabb8ca000 	C:\WINDOWS\system32\mswsock.dll
0x00007ffab6010000 - 0x00007ffab6022000 	C:\Program Files\Java\jdk-14.0.2\bin\nio.dll
0x00007ffa845c0000 - 0x00007ffa84764000 	C:\Users\Gavin\.javacpp\cache\jaylib-natives-windows-x86_64-3.7.0.jar\com\raylib\windows-x86_64\jniRaylib.dll
0x00007ffab63e0000 - 0x00007ffab63ec000 	C:\WINDOWS\SYSTEM32\VCRUNTIME140_1.dll
0x00007ffab9720000 - 0x00007ffab97be000 	C:\WINDOWS\system32\uxtheme.dll
0x00007ffa9e0b0000 - 0x00007ffa9e0f5000 	C:\WINDOWS\SYSTEM32\dinput8.dll
0x00007ffab8f20000 - 0x00007ffab8f31000 	C:\WINDOWS\SYSTEM32\xinput1_4.dll
0x00007ffabc3f0000 - 0x00007ffabc43e000 	C:\WINDOWS\System32\cfgmgr32.dll
0x00007ffabbe50000 - 0x00007ffabbe84000 	C:\WINDOWS\SYSTEM32\DEVOBJ.dll
0x00007ffab9b90000 - 0x00007ffab9bbf000 	C:\WINDOWS\SYSTEM32\dwmapi.dll
0x00007ffab0690000 - 0x00007ffab07e2000 	C:\WINDOWS\SYSTEM32\inputhost.dll
0x00007ffabcab0000 - 0x00007ffabcb7d000 	C:\WINDOWS\System32\OLEAUT32.dll
0x00007ffab86f0000 - 0x00007ffab87e2000 	C:\WINDOWS\SYSTEM32\CoreMessaging.dll
0x00007ffaba810000 - 0x00007ffaba906000 	C:\WINDOWS\SYSTEM32\PROPSYS.dll
0x00007ffab8590000 - 0x00007ffab86e4000 	C:\WINDOWS\SYSTEM32\wintypes.dll
0x00007ffab69a0000 - 0x00007ffab6cfe000 	C:\WINDOWS\SYSTEM32\CoreUIComponents.dll
0x00007ffabada0000 - 0x00007ffabadd3000 	C:\WINDOWS\SYSTEM32\ntmarta.dll
0x00007ffabe530000 - 0x00007ffabe645000 	C:\WINDOWS\System32\MSCTF.dll
0x00007ffaba760000 - 0x00007ffaba76d000 	C:\WINDOWS\SYSTEM32\HID.DLL
0x00007ffabe0b0000 - 0x00007ffabe522000 	C:\WINDOWS\System32\SETUPAPI.DLL
0x00007ffabc3c0000 - 0x00007ffabc3e7000 	C:\WINDOWS\System32\bcrypt.dll
0x00007ffabc440000 - 0x00007ffabc4a0000 	C:\WINDOWS\System32\WINTRUST.dll
0x00007ffabc260000 - 0x00007ffabc3b6000 	C:\WINDOWS\System32\CRYPT32.dll
0x00007ffabbc90000 - 0x00007ffabbca2000 	C:\WINDOWS\SYSTEM32\MSASN1.dll
0x00007ffa98400000 - 0x00007ffa98525000 	C:\WINDOWS\SYSTEM32\opengl32.dll
0x00007ffa98390000 - 0x00007ffa983bc000 	C:\WINDOWS\SYSTEM32\GLU32.dll
0x00007ffabcc40000 - 0x00007ffabcce9000 	C:\WINDOWS\System32\clbcatq.dll
0x00007ffa82670000 - 0x00007ffa82ea1000 	C:\WINDOWS\SYSTEM32\ig7icd64.dll
0x00007ffaac850000 - 0x00007ffaaccb5000 	C:\WINDOWS\SYSTEM32\igdusc64.dll
0x00007ffab6980000 - 0x00007ffab6994000 	C:\WINDOWS\SYSTEM32\WTSAPI32.dll
0x00007ffabb670000 - 0x00007ffabb6bb000 	C:\WINDOWS\SYSTEM32\powrprof.dll
0x00007ffabb4e0000 - 0x00007ffabb4f2000 	C:\WINDOWS\SYSTEM32\UMPDC.dll
0x00007ffaba9a0000 - 0x00007ffabaa94000 	C:\WINDOWS\SYSTEM32\dxgi.dll
0x00007ffab7cd0000 - 0x00007ffab7f34000 	C:\WINDOWS\SYSTEM32\d3d11.dll
0x00007ffabd220000 - 0x00007ffabd34a000 	C:\WINDOWS\System32\ole32.dll
0x00007ffab6f20000 - 0x00007ffab6f5b000 	C:\WINDOWS\SYSTEM32\dxcore.dll
0x00007ffab07f0000 - 0x00007ffab08e9000 	C:\WINDOWS\SYSTEM32\textinputframework.dll
0x00007ffab36b0000 - 0x00007ffab3735000 	C:\WINDOWS\System32\MMDevApi.dll
0x00007ffab3b40000 - 0x00007ffab3cc1000 	C:\WINDOWS\SYSTEM32\AUDIOSES.DLL
0x00007ffab98a0000 - 0x00007ffab98b4000 	C:\WINDOWS\SYSTEM32\resourcepolicyclient.dll

dbghelp: loaded successfully - version: 4.0.5 - missing functions: none
symbol engine: initialized successfully - sym options: 0x614 - pdb path: .;C:\Program Files\Java\jdk-14.0.2\bin;C:\WINDOWS\SYSTEM32;C:\WINDOWS\WinSxS\amd64_microsoft.windows.common-controls_6595b64144ccf1df_6.0.19041.1110_none_60b5254171f9507e;C:\Program Files\Java\jdk-14.0.2\bin\server;C:\Users\Gavin\.javacpp\cache\jaylib-natives-windows-x86_64-3.7.0.jar\com\raylib\windows-x86_64

VM Arguments:
jvm_args: -Dfile.encoding=Cp1252 
java_command: me.pale.main.Main
java_class_path (initial): D:\blockgameworkspace\RayLibJavaGame\bin;D:\raylibjava\rayjava\jaylib-3.7.0.jar;D:\raylibjava\rayjava\jaylib-docs-3.7.0.jar;D:\raylibjava\rayjava\jaylib-natives-windows-x86_64-3.7.0.jar
Launcher Type: SUN_STANDARD

[Global flags]
     intx CICompilerCount                          = 3                                         {product} {ergonomic}
     uint ConcGCThreads                            = 1                                         {product} {ergonomic}
     uint G1ConcRefinementThreads                  = 4                                         {product} {ergonomic}
   size_t G1HeapRegionSize                         = 1048576                                   {product} {ergonomic}
    uintx GCDrainStackTargetSize                   = 64                                        {product} {ergonomic}
   size_t InitialHeapSize                          = 268435456                                 {product} {ergonomic}
   size_t MarkStackSize                            = 4194304                                   {product} {ergonomic}
   size_t MaxHeapSize                              = 4271898624                                {product} {ergonomic}
   size_t MaxNewSize                               = 2562719744                                {product} {ergonomic}
   size_t MinHeapDeltaBytes                        = 1048576                                   {product} {ergonomic}
   size_t MinHeapSize                              = 8388608                                   {product} {ergonomic}
    uintx NonNMethodCodeHeapSize                   = 5832780                                {pd product} {ergonomic}
    uintx NonProfiledCodeHeapSize                  = 122912730                              {pd product} {ergonomic}
    uintx ProfiledCodeHeapSize                     = 122912730                              {pd product} {ergonomic}
    uintx ReservedCodeCacheSize                    = 251658240                              {pd product} {ergonomic}
     bool SegmentedCodeCache                       = true                                      {product} {ergonomic}
   size_t SoftMaxHeapSize                          = 4271898624                             {manageable} {ergonomic}
     bool UseCompressedClassPointers               = true                                 {lp64_product} {ergonomic}
     bool UseCompressedOops                        = true                                 {lp64_product} {ergonomic}
     bool UseG1GC                                  = true                                      {product} {ergonomic}
     bool UseLargePagesIndividualAllocation        = false                                  {pd product} {ergonomic}

Logging:
Log output configuration:
 #0: stdout all=warning uptime,level,tags
 #1: stderr all=off uptime,level,tags

Environment Variables:
JAVA_HOME=C:\Program Files\Eclipse Foundation\jdk-8.0.302.8-hotspot\
_JAVA_OPTIONS= 
CLASSPATH=C:\Users\Gavin\Desktop\LWJGL293\lwjgl-2.9.3\jar\lwjgl.jar
PATH=C:/Program Files/Java/jdk-14.0.2/bin/server;C:/Program Files/Java/jdk-14.0.2/bin;D:\MinGW\MinGW\bin;C:\Program Files\Common Files\Oracle\Java\javapath;C:\Users\Gavin\Desktop\LWJGL293\lwjgl-2.9.3\native\windows;C:\Program Files (x86)\Razer\ChromaBroadcast\bin;C:\Program Files\Razer\ChromaBroadcast\bin;C:\Program Files (x86)\Common Files\Oracle\Java\javapath;C:\WINDOWS\system32;C:\WINDOWS;C:\WINDOWS\System32\Wbem;C:\WINDOWS\System32\WindowsPowerShell\v1.0\;C:\WINDOWS\System32\OpenSSH\;C:\WINDOWS\system32\config\systemprofile\AppData\Local\Microsoft\WindowsApps;C:\HaxeToolkit\haxe\;C:\HaxeToolkit\neko;C:\ProgramData\chocolatey\bin;C:\Program Files (x86)\dotnet\;C:\WINDOWS\system32;C:\WINDOWS;C:\WINDOWS\System32\Wbem;C:\WINDOWS\System32\WindowsPowerShell\v1.0\;C:\WINDOWS\System32\OpenSSH\;C:\Program Files\dotnet\;C:\Program Files\Microsoft SQL Server\130\Tools\Binn\;C:\Program Files\Microsoft SQL Server\Client SDK\ODBC\170\Tools\Binn\;C:\Program Files\Java\jre1.8.0_301\bin;D:\CMake\bin;D:\NuGET\bin;C:\Program Files\Mono\bin;D:\Program Files\Git\cmd;C:\Users\Gavin\AppData\Local\Programs\Python\Python39-32\Scripts\;C:\Users\Gavin\AppData\Local\Programs\Python\Python39-32\;C:\Python\Python39\Scripts\;C:\Python\Python39\;C:\Users\Gavin\AppData\Local\Programs\Microsoft VS Code\bin;C:\Users\Gavin\.dotnet\tools;C:\WINDOWS\system32;
USERNAME=Gavin
OS=Windows_NT
PROCESSOR_IDENTIFIER=Intel64 Family 6 Model 58 Stepping 9, GenuineIntel



---------------  S Y S T E M  ---------------

OS: Windows 10 , 64 bit Build 19041 (10.0.19041.1202)
OS uptime: 10 days 19:32 hours

CPU:total 4 (initial active 4) (2 cores per cpu, 2 threads per core) family 6 model 58 stepping 9, cmov, cx8, fxsr, mmx, sse, sse2, sse3, ssse3, sse4.1, sse4.2, popcnt, avx, aes, clmul, erms, ht, tsc, tscinvbit, tscinv

Memory: 4k page, system-wide physical 16290M (7712M free)
TotalPageFile size 21666M (AvailPageFile size 8217M)
current process WorkingSet (physical memory assigned to process): 63M, peak: 100M
current process commit charge ("private bytes"): 356M, peak: 404M

vm_info: Java HotSpot(TM) 64-Bit Server VM (14.0.2+12-46) for windows-amd64 JRE (14.0.2+12-46), built on Jul  9 2020 00:35:52 by "mach5one" with MS VC++ 15.9 (VS2017)

END.
